<?xml version="1.0" encoding="utf-8"?>
<testsuites name="pytest tests">
    <testsuite name="pytest" errors="0" failures="0" skipped="1" tests="4" time="0.039"
        timestamp="2026-06-12T16:59:42.347961+02:00" hostname="DESKTOP-I9APAL0">
        <testcase classname="test.test_simple" name="test_add_item" time="0.000">
            <properties>
                <property name="example_key" value="1" />
            </properties>
        </testcase>
        <testcase classname="test.test_simple" name="test_removing_items" time="0.000" />
        <testcase classname="test.test_simple" name="test_skipping" time="0.000">
            <skipped type="pytest.skip"
                message="this test will be skipped, to see how pytest handles skipped tests in JUnit XML reports">/home/ruben/dev/bachelor/project/code/sample_projects/python/code/test/test_simple.py:35:
                this test will be skipped, to see how pytest handles skipped tests in JUnit XML. testtest
                reports</skipped>
        </testcase>
        <testcase classname="test.test_identity" name="test_copy" time="0.000" />
    </testsuite>
</testsuites>