<?xml version='1.0' encoding='UTF-8'?>
<testsuite hostname="DESKTOP-I9APAL0" name="TestRemovingItems" tests="2" errors="0" failures="1"
	skipped="0" time="0.062" timestamp="2026-04-27T16:59:58">
	<properties>
[...]
</properties>
	<testcase classname="TestRemovingItems" name="testTodo()" time="0.061">

	</testcase>
	<testcase classname="TestRemovingItems" name="testPositive()" time="0.001">
		<failure
			message="expected: &lt;todolist.ToDoList@193dc92b&gt; but was: &lt;todolist.ToDoList@53a285ef&gt;"
			type="org.opentest4j.AssertionFailedError">org.opentest4j.AssertionFailedError:
			expected: &lt;todolist.ToDoList@193dc92b&gt; but was: &lt;todolist.ToDoList@53a285ef&gt;
			at org.junit.jupiter.api.AssertionUtils.fail(AssertionUtils.java:52)
			at org.junit.jupiter.api.AssertEquals.failNotEqual(AssertEquals.java:197)
			at org.junit.jupiter.api.AssertEquals.assertEquals(AssertEquals.java:186)
			at org.junit.jupiter.api.AssertEquals.assertEquals(AssertEquals.java:181)
			at org.junit.jupiter.api.Assertions.assertEquals(Assertions.java:486)
			at TestRemovingItems.testPositive(MySuite.scala:28)
			at
			java.base/jdk.internal.reflect.DirectMethodHandleAccessor.invoke(DirectMethodHandleAccessor.java:103)
			at java.base/java.lang.reflect.Method.invoke(Method.java:580)
			at
			org.junit.platform.commons.util.ReflectionUtils.invokeMethod(ReflectionUtils.java:436)
			at
			org.junit.jupiter.engine.execution.ExecutableInvoker.invoke(ExecutableInvoker.java:115)
			at
			org.junit.jupiter.engine.descriptor.TestMethodTestDescriptor.lambda$invokeTestMethod$6(TestMethodTestDescriptor.java:170)
			at
			org.junit.jupiter.engine.execution.ThrowableCollector.execute(ThrowableCollector.java:40)
			at
			org.junit.jupiter.engine.descriptor.TestMethodTestDescriptor.invokeTestMethod(TestMethodTestDescriptor.java:166)
			at
			org.junit.jupiter.engine.descriptor.TestMethodTestDescriptor.execute(TestMethodTestDescriptor.java:113)
			at
			org.junit.jupiter.engine.descriptor.TestMethodTestDescriptor.execute(TestMethodTestDescriptor.java:58)
			at
			org.junit.platform.engine.support.hierarchical.HierarchicalTestExecutor$NodeExecutor.lambda$executeRecursively$3(HierarchicalTestExecutor.java:112)
			at
			org.junit.platform.engine.support.hierarchical.SingleTestExecutor.executeSafely(SingleTestExecutor.java:66)
			at
			org.junit.platform.engine.support.hierarchical.HierarchicalTestExecutor$NodeExecutor.executeRecursively(HierarchicalTestExecutor.java:108)
			at
			org.junit.platform.engine.support.hierarchical.HierarchicalTestExecutor$NodeExecutor.execute(HierarchicalTestExecutor.java:79)
			at
			org.junit.platform.engine.support.hierarchical.HierarchicalTestExecutor$NodeExecutor.lambda$executeRecursively$2(HierarchicalTestExecutor.java:120)
			at java.base/java.util.stream.ForEachOps$ForEachOp$OfRef.accept(ForEachOps.java:184)
			at java.base/java.util.stream.ReferencePipeline$2$1.accept(ReferencePipeline.java:179)
			at java.base/java.util.Iterator.forEachRemaining(Iterator.java:133)
			at
			java.base/java.util.Spliterators$IteratorSpliterator.forEachRemaining(Spliterators.java:1939)
			at java.base/java.util.stream.AbstractPipeline.copyInto(AbstractPipeline.java:509)
			at
			java.base/java.util.stream.AbstractPipeline.wrapAndCopyInto(AbstractPipeline.java:499)
			at
			java.base/java.util.stream.ForEachOps$ForEachOp.evaluateSequential(ForEachOps.java:151)
			at
			java.base/java.util.stream.ForEachOps$ForEachOp$OfRef.evaluateSequential(ForEachOps.java:174)
			at java.base/java.util.stream.AbstractPipeline.evaluate(AbstractPipeline.java:234)
			at java.base/java.util.stream.ReferencePipeline.forEach(ReferencePipeline.java:596)
			at
			org.junit.platform.engine.support.hierarchical.HierarchicalTestExecutor$NodeExecutor.lambda$executeRecursively$3(HierarchicalTestExecutor.java:120)
			at
			org.junit.platform.engine.support.hierarchical.SingleTestExecutor.executeSafely(SingleTestExecutor.java:66)
			at
			org.junit.platform.engine.support.hierarchical.HierarchicalTestExecutor$NodeExecutor.executeRecursively(HierarchicalTestExecutor.java:108)
			at
			org.junit.platform.engine.support.hierarchical.HierarchicalTestExecutor$NodeExecutor.execute(HierarchicalTestExecutor.java:79)
			at
			org.junit.platform.engine.support.hierarchical.HierarchicalTestExecutor$NodeExecutor.lambda$executeRecursively$2(HierarchicalTestExecutor.java:120)
			at java.base/java.util.stream.ForEachOps$ForEachOp$OfRef.accept(ForEachOps.java:184)
			at java.base/java.util.stream.ReferencePipeline$2$1.accept(ReferencePipeline.java:179)
			at java.base/java.util.Iterator.forEachRemaining(Iterator.java:133)
			at
			java.base/java.util.Spliterators$IteratorSpliterator.forEachRemaining(Spliterators.java:1939)
			at java.base/java.util.stream.AbstractPipeline.copyInto(AbstractPipeline.java:509)
			at
			java.base/java.util.stream.AbstractPipeline.wrapAndCopyInto(AbstractPipeline.java:499)
			at
			java.base/java.util.stream.ForEachOps$ForEachOp.evaluateSequential(ForEachOps.java:151)
			at
			java.base/java.util.stream.ForEachOps$ForEachOp$OfRef.evaluateSequential(ForEachOps.java:174)
			at java.base/java.util.stream.AbstractPipeline.evaluate(AbstractPipeline.java:234)
			at java.base/java.util.stream.ReferencePipeline.forEach(ReferencePipeline.java:596)
			at
			org.junit.platform.engine.support.hierarchical.HierarchicalTestExecutor$NodeExecutor.lambda$executeRecursively$3(HierarchicalTestExecutor.java:120)
			at
			org.junit.platform.engine.support.hierarchical.SingleTestExecutor.executeSafely(SingleTestExecutor.java:66)
			at
			org.junit.platform.engine.support.hierarchical.HierarchicalTestExecutor$NodeExecutor.executeRecursively(HierarchicalTestExecutor.java:108)
			at
			org.junit.platform.engine.support.hierarchical.HierarchicalTestExecutor$NodeExecutor.execute(HierarchicalTestExecutor.java:79)
			at
			org.junit.platform.engine.support.hierarchical.HierarchicalTestExecutor.execute(HierarchicalTestExecutor.java:55)
			at
			org.junit.platform.engine.support.hierarchical.HierarchicalTestEngine.execute(HierarchicalTestEngine.java:43)
			at org.junit.platform.launcher.core.DefaultLauncher.execute(DefaultLauncher.java:170)
			at org.junit.platform.launcher.core.DefaultLauncher.execute(DefaultLauncher.java:154)
			at org.junit.platform.launcher.core.DefaultLauncher.execute(DefaultLauncher.java:90)
			at
			net.aichler.jupiter.internal.JupiterRunner$JupiterTaskExecutor.execute(JupiterRunner.java:185)
			at
			net.aichler.jupiter.internal.JupiterRunner$WithCustomProperties.execute(JupiterRunner.java:239)
			at
			net.aichler.jupiter.internal.JupiterRunner$JupiterTask.execute(JupiterRunner.java:126)
			at sbt.TestRunner.runTest$1(TestFramework.scala:153)
			at sbt.TestRunner.run(TestFramework.scala:168)
			at
			sbt.TestFramework$$anon$3$$anonfun$$lessinit$greater$1.$anonfun$apply$1(TestFramework.scala:336)
			at sbt.TestFramework$.sbt$TestFramework$$withContextLoader(TestFramework.scala:296)
			at sbt.TestFramework$$anon$3$$anonfun$$lessinit$greater$1.apply(TestFramework.scala:336)
			at sbt.TestFramework$$anon$3$$anonfun$$lessinit$greater$1.apply(TestFramework.scala:336)
			at sbt.TestFunction.apply(TestFramework.scala:348)
			at sbt.Tests$.$anonfun$toTask$1(Tests.scala:436)
			at sbt.std.Transform$$anon$3.$anonfun$apply$2(Transform.scala:47)
			at sbt.std.Transform$$anon$4.work(Transform.scala:69)
			at sbt.Execute.$anonfun$submit$2(Execute.scala:283)
			at sbt.internal.util.ErrorHandling$.wideConvert(ErrorHandling.scala:24)
			at sbt.Execute.work(Execute.scala:292)
			at sbt.Execute.$anonfun$submit$1(Execute.scala:283)
			at
			sbt.ConcurrentRestrictions$$anon$4.$anonfun$submitValid$1(ConcurrentRestrictions.scala:265)
			at sbt.CompletionService$$anon$2.call(CompletionService.scala:65)
			at java.base/java.util.concurrent.FutureTask.run(FutureTask.java:317)
			at java.base/java.util.concurrent.Executors$RunnableAdapter.call(Executors.java:572)
			at java.base/java.util.concurrent.FutureTask.run(FutureTask.java:317)
			at
			java.base/java.util.concurrent.ThreadPoolExecutor.runWorker(ThreadPoolExecutor.java:1144)
			at
			java.base/java.util.concurrent.ThreadPoolExecutor$Worker.run(ThreadPoolExecutor.java:642)
			at java.base/java.lang.Thread.run(Thread.java:1583)
</failure>
	</testcase>
	<system-out><![CDATA[]]></system-out>
	<system-err><![CDATA[]]></system-err>
</testsuite>