<?xml version="1.0" encoding="utf-8"?>
<testsuites name="pytest tests">
    <testsuite name="pytest" errors="0" failures="0" skipped="1" tests="4" time="0.016"
        timestamp="2026-05-08T15:07:48.569978+02:00" hostname="DESKTOP-I9APAL0">
        <testcase classname="tests.tests_simple" name="test_add_item" time="0.000" />
        <testcase classname="tests.tests_simple" name="test_removing_items" time="0.000" />
        <testcase classname="tests.tests_simple" name="test_skipping" time="0.000">
            <skipped type="pytest.skip"
                message="this test will be skipped, to see how pytest handles skipped tests in JUnit XML reports">/home/ruben/dev/bachelor/project/code/sample_projects/python/src/tests/tests_simple.py:29:
                this test will be skipped, to see how pytest handles skipped tests in JUnit XML
                reports</skipped>
        </testcase>
        <testcase classname="tests.tests_identity" name="test_add_item" time="0.000" />
    </testsuite>
</testsuites>